<?xml version="1.0" encoding="UTF-8"?>
<!-- Generated by org.testng.reporters.JUnitReportReporter -->
<testsuite hostname="LAPTOP-EQJ0V15H" failures="0" tests="1" name="testng.Testngdemo" time="0.002" errors="0" timestamp="2021-08-31T21:11:20 IST" skipped="0">
  <testcase classname="testng.Testngdemo" name="f" time="0.002"/>
  <system-out/>
</testsuite> <!-- testng.Testngdemo -->
