<?xml version="1.0" encoding="UTF-8"?>
<!-- Generated by org.testng.reporters.JUnitReportReporter -->
<testsuite hostname="LAPTOP-EQJ0V15H" failures="0" tests="1" name="TestNGClass" time="0.003" errors="0" timestamp="2021-08-28T19:45:32 IST" skipped="0">
  <testcase classname="TestNGClass" name="test2" time="0.003"/>
  <system-out/>
</testsuite> <!-- TestNGClass -->
